crop master/build/outputs/logs/manifest-merger-debug-report.txt
-- Merging decision tree log ---
manifest
ADDED from fishregister\crop master\AndroidManifest.xml:2:1-7:12
INJECTED from fishregister\crop master\AndroidManifest.xml:2:1-7:12
INJECTED from fishregister\crop master\AndroidManifest.xml:2:1-7:12
INJECTED from fishregister\crop master\AndroidManifest.xml:2:1-7:12
INJECTED from fishregister\crop master\AndroidManifest.xml:2:1-7:12
INJECTED from fishregister\crop master\AndroidManifest.xml:2:1-7:12
INJECTED from fishregister\crop master\AndroidManifest.xml:2:1-7:12
	package
		ADDED from fishregister\crop master\AndroidManifest.xml:3:11-57
		INJECTED from fishregister\crop master\AndroidManifest.xml
		INJECTED from fishregister\crop master\AndroidManifest.xml
	android:versionName
		ADDED from fishregister\crop master\AndroidManifest.xml:5:11-36
		INJECTED from fishregister\crop master\AndroidManifest.xml
		INJECTED from fishregister\crop master\AndroidManifest.xml
	xmlns:android
		ADDED from fishregister\crop master\AndroidManifest.xml:2:11-69
	android:versionCode
		ADDED from fishregister\crop master\AndroidManifest.xml:4:11-34
		INJECTED from fishregister\crop master\AndroidManifest.xml
		INJECTED from fishregister\crop master\AndroidManifest.xml
uses-sdk
INJECTED from fishregister\crop master\AndroidManifest.xml reason: use-sdk injection requested
INJECTED from fishregister\crop master\AndroidManifest.xml
INJECTED from fishregister\crop master\AndroidManifest.xml
INJECTED from fishregister\crop master\AndroidManifest.xml
INJECTED from fishregister\crop master\AndroidManifest.xml
	android:targetSdkVersion
		INJECTED from fishregister\crop master\AndroidManifest.xml
		ADDED from fishregister\crop master\AndroidManifest.xml
		INJECTED from fishregister\crop master\AndroidManifest.xml
	android:minSdkVersion
		INJECTED from fishregister\crop master\AndroidManifest.xml
		ADDED from fishregister\crop master\AndroidManifest.xml
		INJECTED from fishregister\crop master\AndroidManifest.xml